<?xml version="1.0" encoding="UTF-8"?>
<robot generator="Robot 3.0.4 (Python 3.6.5 on linux)" generated="20180719 23:46:37.702">
<suite id="s1" name="Test" source="/home/ruslan/PycharmProjects/Test_Assignment/Tests/test.robot">
<test id="s1-t1" name="Landing Page Is Loaded">
<kw name="Begin Web Test" library="common" type="setup">
<kw name="Open Browser" library="Selenium2Library">
<doc>Opens a new browser instance to the given ``url``.</doc>
<arguments>
<arg>about:blank</arg>
<arg>chrome</arg>
</arguments>
<msg timestamp="20180719 23:46:37.884" level="INFO">Opening browser 'chrome' to base url 'about:blank'.</msg>
<status status="PASS" starttime="20180719 23:46:37.884" endtime="20180719 23:46:39.356"></status>
</kw>
<kw name="Maximize Browser Window" library="Selenium2Library">
<doc>Maximizes current browser window.</doc>
<status status="PASS" starttime="20180719 23:46:39.356" endtime="20180719 23:46:39.460"></status>
</kw>
<kw name="Set Screenshot Directory" library="Selenium2Library">
<doc>Sets the directory for captured screenshots.</doc>
<arguments>
<arg>Screenshot/</arg>
</arguments>
<status status="PASS" starttime="20180719 23:46:39.461" endtime="20180719 23:46:39.461"></status>
</kw>
<status status="PASS" starttime="20180719 23:46:37.883" endtime="20180719 23:46:39.461"></status>
</kw>
<kw name="Go To The Landing Page" library="landingpage">
<kw name="Go To" library="Selenium2Library">
<doc>Navigates the active browser instance to the provided ``url``.</doc>
<arguments>
<arg>https://atomcream.com​</arg>
</arguments>
<msg timestamp="20180719 23:46:39.462" level="INFO">Opening url 'https://atomcream.com​'</msg>
<status status="PASS" starttime="20180719 23:46:39.462" endtime="20180719 23:46:41.702"></status>
</kw>
<status status="PASS" starttime="20180719 23:46:39.462" endtime="20180719 23:46:41.703"></status>
</kw>
<kw name="Verify That The Page Is Loaded" library="landingpage">
<kw name="Wait Until Page Contains" library="Selenium2Library">
<doc>Waits until ``text`` appears on current page.</doc>
<arguments>
<arg>TECHNOLOGY STACK</arg>
</arguments>
<status status="PASS" starttime="20180719 23:46:41.704" endtime="20180719 23:46:41.727"></status>
</kw>
<kw name="Capture Page Screenshot" library="Selenium2Library">
<doc>Takes screenshot of the current page and embeds it into log file.</doc>
<arguments>
<arg>landingPage.png</arg>
</arguments>
<msg timestamp="20180719 23:46:42.304" level="INFO" html="yes">&lt;/td&gt;&lt;/tr&gt;&lt;tr&gt;&lt;td colspan="3"&gt;&lt;a href="../Screenshot/landingPage.png"&gt;&lt;img src="../Screenshot/landingPage.png" width="800px"&gt;&lt;/a&gt;</msg>
<status status="PASS" starttime="20180719 23:46:41.727" endtime="20180719 23:46:42.304"></status>
</kw>
<status status="PASS" starttime="20180719 23:46:41.703" endtime="20180719 23:46:42.305"></status>
</kw>
<kw name="End Web Test" library="common" type="teardown">
<kw name="Close Browser" library="Selenium2Library">
<doc>Closes the current browser.</doc>
<status status="PASS" starttime="20180719 23:46:42.305" endtime="20180719 23:46:42.368"></status>
</kw>
<status status="PASS" starttime="20180719 23:46:42.305" endtime="20180719 23:46:42.368"></status>
</kw>
<doc>This test checks that the landing page is loaded</doc>
<tags>
<tag>Smoke</tag>
</tags>
<status status="PASS" starttime="20180719 23:46:37.882" endtime="20180719 23:46:42.369" critical="yes"></status>
</test>
<status status="PASS" starttime="20180719 23:46:37.703" endtime="20180719 23:46:42.370"></status>
</suite>
<statistics>
<total>
<stat pass="1" fail="0">Critical Tests</stat>
<stat pass="1" fail="0">All Tests</stat>
</total>
<tag>
<stat pass="1" fail="0">Smoke</stat>
</tag>
<suite>
<stat pass="1" fail="0" id="s1" name="Test">Test</stat>
</suite>
</statistics>
<errors>
</errors>
</robot>
