<?xml version="1.0" encoding="UTF-8"?>
<robot generator="Robot 3.0.4 (Python 3.6.5 on linux)" generated="20180720 00:01:51.723">
<suite id="s1" name="Test" source="/home/ruslan/test/robotFramework/Tests/test.robot">
<test id="s1-t1" name="Landing Page Is Loaded">
<kw name="Begin Web Test" library="common" type="setup">
<kw name="Open Browser" library="Selenium2Library">
<doc>Opens a new browser instance to the given ``url``.</doc>
<arguments>
<arg>about:blank</arg>
<arg>chrome</arg>
</arguments>
<msg timestamp="20180720 00:01:51.864" level="INFO">Opening browser 'chrome' to base url 'about:blank'.</msg>
<status status="PASS" starttime="20180720 00:01:51.863" endtime="20180720 00:01:53.342"></status>
</kw>
<kw name="Maximize Browser Window" library="Selenium2Library">
<doc>Maximizes current browser window.</doc>
<status status="PASS" starttime="20180720 00:01:53.342" endtime="20180720 00:01:53.444"></status>
</kw>
<kw name="Set Screenshot Directory" library="Selenium2Library">
<doc>Sets the directory for captured screenshots.</doc>
<arguments>
<arg>Screenshot/</arg>
</arguments>
<status status="PASS" starttime="20180720 00:01:53.445" endtime="20180720 00:01:53.445"></status>
</kw>
<status status="PASS" starttime="20180720 00:01:51.863" endtime="20180720 00:01:53.445"></status>
</kw>
<kw name="Go To The Landing Page" library="landingpage">
<kw name="Go To" library="Selenium2Library">
<doc>Navigates the active browser instance to the provided ``url``.</doc>
<arguments>
<arg>https://atomcream.com</arg>
</arguments>
<msg timestamp="20180720 00:01:53.446" level="INFO">Opening url 'https://atomcream.com'</msg>
<status status="PASS" starttime="20180720 00:01:53.446" endtime="20180720 00:01:54.963"></status>
</kw>
<status status="PASS" starttime="20180720 00:01:53.446" endtime="20180720 00:01:54.963"></status>
</kw>
<kw name="Verify That The Page Is Loaded" library="landingpage">
<kw name="Wait Until Page Contains" library="Selenium2Library">
<doc>Waits until ``text`` appears on current page.</doc>
<arguments>
<arg>TECHNOLOGY STACK</arg>
</arguments>
<status status="PASS" starttime="20180720 00:01:54.964" endtime="20180720 00:01:54.987"></status>
</kw>
<kw name="Capture Page Screenshot" library="Selenium2Library">
<doc>Takes screenshot of the current page and embeds it into log file.</doc>
<arguments>
<arg>landingPage.png</arg>
</arguments>
<msg timestamp="20180720 00:01:55.571" level="INFO" html="yes">&lt;/td&gt;&lt;/tr&gt;&lt;tr&gt;&lt;td colspan="3"&gt;&lt;a href="../Screenshot/landingPage.png"&gt;&lt;img src="../Screenshot/landingPage.png" width="800px"&gt;&lt;/a&gt;</msg>
<status status="PASS" starttime="20180720 00:01:54.987" endtime="20180720 00:01:55.571"></status>
</kw>
<status status="PASS" starttime="20180720 00:01:54.963" endtime="20180720 00:01:55.571"></status>
</kw>
<kw name="End Web Test" library="common" type="teardown">
<kw name="Close Browser" library="Selenium2Library">
<doc>Closes the current browser.</doc>
<status status="PASS" starttime="20180720 00:01:55.572" endtime="20180720 00:01:55.632"></status>
</kw>
<status status="PASS" starttime="20180720 00:01:55.571" endtime="20180720 00:01:55.633"></status>
</kw>
<doc>This test checks that the landing page is loaded</doc>
<tags>
<tag>Smoke</tag>
</tags>
<status status="PASS" starttime="20180720 00:01:51.862" endtime="20180720 00:01:55.633" critical="yes"></status>
</test>
<status status="PASS" starttime="20180720 00:01:51.724" endtime="20180720 00:01:55.634"></status>
</suite>
<statistics>
<total>
<stat pass="1" fail="0">Critical Tests</stat>
<stat pass="1" fail="0">All Tests</stat>
</total>
<tag>
<stat pass="1" fail="0">Smoke</stat>
</tag>
<suite>
<stat pass="1" fail="0" id="s1" name="Test">Test</stat>
</suite>
</statistics>
<errors>
</errors>
</robot>
