<?xml version="1.0" encoding="UTF-8"?>
<robot generator="Robot 3.0.4 (Python 3.6.5 on linux)" generated="20180718 01:01:43.256">
<suite id="s1" name="Test" source="/home/ruslan/PycharmProjects/Test_Assignment/Tests/test.robot">
<test id="s1-t1" name="User must sign in to check out">
<kw name="Open Browser" library="Selenium2Library">
<doc>Opens a new browser instance to the given ``url``.</doc>
<arguments>
<arg>https://atomcream.com​</arg>
<arg>chrome</arg>
</arguments>
<msg timestamp="20180718 01:01:43.393" level="INFO">Opening browser 'chrome' to base url 'https://atomcream.com​'.</msg>
<status status="PASS" starttime="20180718 01:01:43.392" endtime="20180718 01:01:46.664"></status>
</kw>
<kw name="Maximize Browser Window" library="Selenium2Library">
<doc>Maximizes current browser window.</doc>
<status status="PASS" starttime="20180718 01:01:46.665" endtime="20180718 01:01:46.768"></status>
</kw>
<kw name="Wait Until Page Contains" library="Selenium2Library">
<doc>Waits until ``text`` appears on current page.</doc>
<arguments>
<arg>TECHNOLOGY STACK</arg>
</arguments>
<status status="PASS" starttime="20180718 01:01:46.768" endtime="20180718 01:01:46.792"></status>
</kw>
<kw name="Set Screenshot Directory" library="Selenium2Library">
<doc>Sets the directory for captured screenshots.</doc>
<arguments>
<arg>screenshot/</arg>
</arguments>
<status status="PASS" starttime="20180718 01:01:46.792" endtime="20180718 01:01:46.793"></status>
</kw>
<kw name="Capture Page Screenshot" library="Selenium2Library">
<doc>Takes screenshot of the current page and embeds it into log file.</doc>
<arguments>
<arg>just.png</arg>
</arguments>
<msg timestamp="20180718 01:01:47.371" level="INFO" html="yes">&lt;/td&gt;&lt;/tr&gt;&lt;tr&gt;&lt;td colspan="3"&gt;&lt;a href="../screenshot/just.png"&gt;&lt;img src="../screenshot/just.png" width="800px"&gt;&lt;/a&gt;</msg>
<status status="PASS" starttime="20180718 01:01:46.793" endtime="20180718 01:01:47.371"></status>
</kw>
<kw name="Sleep" library="BuiltIn">
<doc>Pauses the test executed for the given time.</doc>
<arguments>
<arg>3s</arg>
</arguments>
<msg timestamp="20180718 01:01:50.372" level="INFO">Slept 3 seconds</msg>
<status status="PASS" starttime="20180718 01:01:47.371" endtime="20180718 01:01:50.372"></status>
</kw>
<kw name="Close Browser" library="Selenium2Library">
<doc>Closes the current browser.</doc>
<status status="PASS" starttime="20180718 01:01:50.372" endtime="20180718 01:01:50.434"></status>
</kw>
<doc>This is some basic information</doc>
<tags>
<tag>Smoke</tag>
</tags>
<status status="PASS" starttime="20180718 01:01:43.391" endtime="20180718 01:01:50.434" critical="yes"></status>
</test>
<status status="PASS" starttime="20180718 01:01:43.257" endtime="20180718 01:01:50.436"></status>
</suite>
<statistics>
<total>
<stat pass="1" fail="0">Critical Tests</stat>
<stat pass="1" fail="0">All Tests</stat>
</total>
<tag>
<stat pass="1" fail="0">Smoke</stat>
</tag>
<suite>
<stat pass="1" fail="0" id="s1" name="Test">Test</stat>
</suite>
</statistics>
<errors>
</errors>
</robot>
